TN:
SF:apps\angular-assignment\src\polyfills.ts
FNF:0
FNH:0
LF:0
LH:0
BRF:0
BRH:0
end_of_record
TN:
SF:apps\angular-assignment\src\test.ts
FNF:0
FNH:0
DA:18,1
DA:23,1
DA:25,1
LF:3
LH:3
BRF:0
BRH:0
end_of_record
TN:
SF:apps\angular-assignment\src\app\app.component.ts
FNF:0
FNH:0
DA:8,1
DA:9,2
LF:2
LH:2
BRF:0
BRH:0
end_of_record
TN:
SF:apps\angular-assignment\src\app\_components\books.service.ts
FN:13,(anonymous_0)
FN:15,(anonymous_1)
FN:18,(anonymous_2)
FN:25,(anonymous_3)
FN:35,(anonymous_4)
FN:39,(anonymous_5)
FNF:6
FNH:6
FNDA:17,(anonymous_0)
FNDA:3,(anonymous_1)
FNDA:1,(anonymous_2)
FNDA:1,(anonymous_3)
FNDA:5,(anonymous_4)
FNDA:3,(anonymous_5)
DA:10,1
DA:11,17
DA:13,17
DA:16,3
DA:17,3
DA:19,1
DA:26,1
DA:27,1
DA:28,0
DA:30,1
DA:32,1
DA:36,5
DA:40,3
LF:13
LH:12
BRDA:27,0,0,0
BRDA:27,0,1,1
BRF:2
BRH:1
end_of_record
TN:
SF:apps\angular-assignment\src\app\_components\search-books\search-books.component.ts
FN:20,(anonymous_0)
FN:28,(anonymous_1)
FN:34,(anonymous_2)
FN:37,(anonymous_3)
FN:43,(anonymous_4)
FN:52,(anonymous_5)
FN:57,(anonymous_6)
FNF:7
FNH:6
FNDA:7,(anonymous_0)
FNDA:7,(anonymous_1)
FNDA:2,(anonymous_2)
FNDA:1,(anonymous_3)
FNDA:0,(anonymous_4)
FNDA:1,(anonymous_5)
FNDA:7,(anonymous_6)
DA:13,1
DA:19,7
DA:21,7
DA:22,7
DA:23,7
DA:25,7
DA:29,7
DA:32,7
DA:35,2
DA:36,2
DA:38,1
DA:39,1
DA:40,1
DA:44,0
DA:45,0
DA:48,2
DA:49,2
DA:53,1
DA:54,1
DA:58,7
LF:20
LH:18
BRDA:39,0,0,1
BRDA:39,0,1,0
BRDA:58,1,0,5
BRDA:58,1,1,2
BRDA:58,2,0,7
BRDA:58,2,1,7
BRF:6
BRH:5
end_of_record
TN:
SF:apps\angular-assignment\src\app\billing-module\books-billing.service.ts
FN:10,(anonymous_0)
FN:12,(anonymous_1)
FN:16,(anonymous_2)
FN:20,(anonymous_3)
FNF:4
FNH:4
FNDA:34,(anonymous_0)
FNDA:5,(anonymous_1)
FNDA:5,(anonymous_2)
FNDA:6,(anonymous_3)
DA:7,1
DA:9,34
DA:13,5
DA:17,5
DA:21,6
LF:5
LH:5
BRF:0
BRH:0
end_of_record
TN:
SF:apps\angular-assignment\src\app\billing-module\billing\billing.component.ts
FN:20,(anonymous_0)
FN:42,(anonymous_1)
FN:28,(anonymous_2)
FN:33,(anonymous_3)
FN:46,(anonymous_4)
FN:56,(anonymous_5)
FN:63,(anonymous_6)
FNF:7
FNH:6
FNDA:4,(anonymous_0)
FNDA:32,(anonymous_1)
FNDA:4,(anonymous_2)
FNDA:4,(anonymous_3)
FNDA:1,(anonymous_4)
FNDA:0,(anonymous_5)
FNDA:4,(anonymous_6)
DA:16,1
DA:21,4
DA:22,4
DA:23,4
DA:24,4
DA:25,4
DA:29,4
DA:30,4
DA:34,4
DA:42,4
DA:43,32
DA:47,1
DA:48,1
DA:52,1
DA:53,1
DA:56,1
DA:57,0
DA:58,0
DA:64,4
LF:19
LH:17
BRDA:47,0,0,1
BRDA:47,0,1,0
BRDA:64,1,0,3
BRDA:64,1,1,1
BRDA:64,2,0,4
BRDA:64,2,1,4
BRF:6
BRH:5
end_of_record
TN:
SF:apps\angular-assignment\src\app\billing-module\dialog\dialog.component.ts
FN:10,(anonymous_0)
FN:12,(anonymous_1)
FNF:2
FNH:2
FNDA:2,(anonymous_0)
FNDA:1,(anonymous_1)
DA:8,1
LF:1
LH:1
BRF:0
BRH:0
end_of_record
TN:
SF:apps\angular-assignment\src\app\book-details-module\book-details\book-details.component.ts
FN:15,(anonymous_0)
FN:22,(anonymous_1)
FN:26,(anonymous_2)
FN:30,(anonymous_3)
FNF:4
FNH:4
FNDA:4,(anonymous_0)
FNDA:4,(anonymous_1)
FNDA:1,(anonymous_2)
FNDA:1,(anonymous_3)
DA:13,1
DA:16,4
DA:17,4
DA:18,4
DA:19,4
DA:23,4
DA:27,1
DA:28,1
DA:31,1
DA:32,1
LF:10
LH:10
BRF:0
BRH:0
end_of_record
TN:
SF:apps\angular-assignment\src\app\cart-module\cart.service.ts
FN:9,(anonymous_0)
FN:11,(anonymous_1)
FN:13,(anonymous_2)
FN:19,(anonymous_3)
FN:20,(anonymous_4)
FN:21,(anonymous_5)
FN:30,(anonymous_6)
FN:34,(anonymous_7)
FNF:8
FNH:8
FNDA:27,(anonymous_0)
FNDA:3,(anonymous_1)
FNDA:1,(anonymous_2)
FNDA:5,(anonymous_3)
FNDA:2,(anonymous_4)
FNDA:2,(anonymous_5)
FNDA:9,(anonymous_6)
FNDA:8,(anonymous_7)
DA:7,1
DA:8,27
DA:12,3
DA:13,1
DA:16,3
DA:20,5
DA:21,2
DA:22,2
DA:23,1
DA:27,5
DA:31,9
DA:35,8
LF:12
LH:12
BRDA:22,0,0,1
BRDA:22,0,1,1
BRF:2
BRH:2
end_of_record
TN:
SF:apps\angular-assignment\src\app\cart-module\cart\cart.component.ts
FN:14,(anonymous_0)
FN:20,(anonymous_1)
FN:24,(anonymous_2)
FN:28,(anonymous_3)
FNF:4
FNH:4
FNDA:5,(anonymous_0)
FNDA:5,(anonymous_1)
FNDA:1,(anonymous_2)
FNDA:1,(anonymous_3)
DA:12,1
DA:15,5
DA:16,5
DA:17,5
DA:21,5
DA:25,1
DA:29,1
DA:30,1
LF:8
LH:8
BRF:0
BRH:0
end_of_record
TN:
SF:apps\angular-assignment\src\app\my-collections-module\my-collection\my-collection.component.ts
FN:12,(anonymous_0)
FN:14,(anonymous_1)
FNF:2
FNH:2
FNDA:3,(anonymous_0)
FNDA:3,(anonymous_1)
DA:10,1
DA:12,3
DA:15,3
LF:3
LH:3
BRF:0
BRH:0
end_of_record
TN:
SF:apps\angular-assignment\src\app\shared\layout\layout.component.ts
FN:21,(anonymous_0)
FN:25,(anonymous_1)
FN:26,(anonymous_2)
FNF:3
FNH:3
FNDA:8,(anonymous_0)
FNDA:8,(anonymous_1)
FNDA:12,(anonymous_2)
DA:16,1
DA:17,8
DA:18,8
DA:22,8
DA:23,8
DA:27,12
DA:28,12
LF:7
LH:7
BRF:0
BRH:0
end_of_record
